<?xml version="1.0" encoding="UTF-8"?>
<!-- Generated by org.testng.reporters.JUnitXMLReporter -->
<testsuite hostname="LAPTOP-UT0A06VK" ignored="0" name="Default test" tests="2" failures="0" timestamp="2021-03-29T13:59:53 IST" time="184.287" errors="0">
  <testcase name="runScenario" time="58.906" classname="io.cucumber.testng.AbstractTestNGCucumberTests"/>
  <testcase name="runScenario" time="124.997" classname="io.cucumber.testng.AbstractTestNGCucumberTests"/>
</testsuite> <!-- Default test -->
