<?xml version="1.0" encoding="UTF-8"?>
<testng-results skipped="0" failed="0" ignored="0" total="2" passed="2">
  <reporter-output>
  </reporter-output>
  <suite name="Default suite" duration-ms="184287" started-at="2021-03-29T13:56:49 IST" finished-at="2021-03-29T13:59:53 IST">
    <groups>
      <group name="cucumber">
        <method signature="AbstractTestNGCucumberTests.runScenario(io.cucumber.testng.PickleWrapper, io.cucumber.testng.FeatureWrapper)[pri:0, instance:Runner.Test_Runner@43fe0e]" name="runScenario" class="io.cucumber.testng.AbstractTestNGCucumberTests"/>
      </group> <!-- cucumber -->
    </groups>
    <test name="Default test" duration-ms="184287" started-at="2021-03-29T13:56:49 IST" finished-at="2021-03-29T13:59:53 IST">
      <class name="Runner.Test_Runner">
        <test-method status="PASS" signature="setUpClass()[pri:0, instance:Runner.Test_Runner@43fe0e]" name="setUpClass" is-config="true" duration-ms="329" started-at="2021-03-29T13:56:49 IST" finished-at="2021-03-29T13:56:50 IST">
          <reporter-output>
          </reporter-output>
        </test-method> <!-- setUpClass -->
        <test-method status="PASS" signature="runScenario(io.cucumber.testng.PickleWrapper, io.cucumber.testng.FeatureWrapper)[pri:0, instance:Runner.Test_Runner@43fe0e]" name="runScenario" duration-ms="58906" started-at="2021-03-29T13:56:50 IST" description="Runs Cucumber Scenarios" data-provider="scenarios" finished-at="2021-03-29T13:57:48 IST">
          <params>
            <param index="0">
              <value>
                <![CDATA["user should Regiter"]]>
              </value>
            </param>
            <param index="1">
              <value>
                <![CDATA["Optional[Register and send mail]"]]>
              </value>
            </param>
          </params>
          <reporter-output>
          </reporter-output>
        </test-method> <!-- runScenario -->
        <test-method status="PASS" signature="runScenario(io.cucumber.testng.PickleWrapper, io.cucumber.testng.FeatureWrapper)[pri:0, instance:Runner.Test_Runner@43fe0e]" name="runScenario" duration-ms="124997" started-at="2021-03-29T13:57:48 IST" description="Runs Cucumber Scenarios" data-provider="scenarios" finished-at="2021-03-29T13:59:53 IST">
          <params>
            <param index="0">
              <value>
                <![CDATA["user sends an email"]]>
              </value>
            </param>
            <param index="1">
              <value>
                <![CDATA["Optional[Register and send mail]"]]>
              </value>
            </param>
          </params>
          <reporter-output>
          </reporter-output>
        </test-method> <!-- runScenario -->
        <test-method status="PASS" signature="tearDownClass()[pri:0, instance:Runner.Test_Runner@43fe0e]" name="tearDownClass" is-config="true" duration-ms="9" started-at="2021-03-29T13:59:53 IST" finished-at="2021-03-29T13:59:53 IST">
          <reporter-output>
          </reporter-output>
        </test-method> <!-- tearDownClass -->
      </class> <!-- Runner.Test_Runner -->
    </test> <!-- Default test -->
  </suite> <!-- Default suite -->
</testng-results>
